<?xml version="1.0" encoding="UTF-8"?>
<!-- Generated by org.testng.reporters.JUnitReportReporter -->
<testsuite hostname="Sahana" failures="0" tests="1" name="com.base.BaseClass" time="67.096" errors="0" timestamp="2022-05-27T23:08:56 BST" skipped="0">
  <testcase classname="com.base.BaseClass" name="loadConfig" time="67.096"/>
  <system-out/>
</testsuite> <!-- com.base.BaseClass -->
