<?xml version="1.0" encoding="UTF-8"?>
<!-- Generated by org.testng.reporters.JUnitReportReporter -->
<testsuite hostname="Pragadeeswarans-MacBook-Air.local" failures="0" tests="1" name="com.testcases.API" time="1.217" errors="0" timestamp="2022-10-20T12:54:25 BST" skipped="0">
  <testcase classname="com.testcases.API" name="getData" time="1.217"/>
  <system-out/>
</testsuite> <!-- com.testcases.API -->
