<?xml version="1.0" encoding="UTF-8"?>
<!-- Generated by org.testng.reporters.JUnitReportReporter -->
<testsuite hostname="Pragadeeswarans-MacBook-Air.local" failures="0" tests="1" name="com.testcases.Accessbility.A11YTest" time="24.735" errors="0" timestamp="2022-10-27T14:39:21 BST" skipped="0">
  <testcase classname="com.testcases.Accessbility.A11YTest" name="A11YTesting" time="24.735"/>
  <system-out/>
</testsuite> <!-- com.testcases.Accessbility.A11YTest -->
