<?xml version="1.0" encoding="UTF-8"?>
<!-- Generated by org.testng.reporters.JUnitReportReporter -->
<testsuite hostname="Pragadeeswarans-MacBook-Air.local" failures="0" tests="2" name="com.testcases.API.API" time="1.386" errors="0" timestamp="2022-10-27T14:42:25 BST" skipped="1">
  <testcase classname="com.testcases.API.API" name="postData" time="1.386"/>
  <system-out/>
  <testcase classname="com.testcases.API.API" name="getData">
    <skipped/>
  </testcase> <!-- getData -->
  <system-out/>
</testsuite> <!-- com.testcases.API.API -->
