<?xml version="1.0" encoding="UTF-8"?>
<!-- Generated by org.testng.reporters.JUnitReportReporter -->
<testsuite hostname="Pragadeeswarans-MacBook-Air.local" failures="0" tests="1" name="com.testcases.CreateOrder" time="31.942" errors="0" timestamp="2022-10-18T22:47:36 BST" skipped="0">
  <testcase classname="com.testcases.CreateOrder" name="createOrder" time="31.942"/>
  <system-out/>
</testsuite> <!-- com.testcases.CreateOrder -->
