<?xml version="1.0" encoding="UTF-8"?>
<!-- Generated by org.testng.reporters.JUnitReportReporter -->
<testsuite hostname="Pragadeeswarans-MacBook-Air.local" failures="0" tests="1" name="com.testcases.Accessbility.A11YTest" time="164.387" errors="0" timestamp="2022-10-28T12:10:15 BST" skipped="0">
  <testcase classname="com.testcases.Accessbility.A11YTest" name="A11YTesting" time="164.387"/>
  <system-out/>
</testsuite> <!-- com.testcases.Accessbility.A11YTest -->
