<?xml version="1.0" encoding="UTF-8"?>
<!-- Generated by org.testng.reporters.JUnitReportReporter -->
<testsuite hostname="Pragadeeswarans-MacBook-Air.local" failures="0" tests="1" name="com.testcases.MobileCreateOrder" time="140.520" errors="0" timestamp="2022-10-23T15:53:06 BST" skipped="0">
  <testcase classname="com.testcases.MobileCreateOrder" name="createOrder" time="140.520"/>
  <system-out/>
</testsuite> <!-- com.testcases.MobileCreateOrder -->
