<?xml version="1.0" encoding="UTF-8"?>
<!-- Generated by org.testng.reporters.JUnitReportReporter -->
<testsuite hostname="Pragadeeswarans-MacBook-Air.local" failures="0" tests="1" name="com.testcases.CreateOrder" time="163.683" errors="0" timestamp="2022-10-25T23:14:28 BST" skipped="0">
  <testcase classname="com.testcases.CreateOrder" name="webcreateOrder" time="163.683"/>
  <system-out/>
</testsuite> <!-- com.testcases.CreateOrder -->
