<?xml version="1.0" encoding="UTF-8"?>
<!-- Generated by org.testng.reporters.JUnitReportReporter -->
<testsuite hostname="Pragadeeswarans-MacBook-Air.local" failures="0" tests="1" name="com.testcases.A11YTest" time="25.592" errors="0" timestamp="2022-10-27T13:04:41 BST" skipped="0">
  <testcase classname="com.testcases.A11YTest" name="A11YTesting" time="25.592"/>
  <system-out/>
</testsuite> <!-- com.testcases.A11YTest -->
