<?xml version="1.0" encoding="UTF-8"?>
<!-- Generated by org.testng.reporters.JUnitReportReporter -->
<testsuite hostname="Pragadeeswarans-MacBook-Air.local" failures="0" tests="2" name="com.testcases.API" time="2.016" errors="0" timestamp="2022-10-25T23:14:28 BST" skipped="1">
  <testcase classname="com.testcases.API" name="postData" time="2.016"/>
  <system-out/>
  <testcase classname="com.testcases.API" name="getData">
    <skipped/>
  </testcase> <!-- getData -->
  <system-out/>
</testsuite> <!-- com.testcases.API -->
