<?xml version="1.0" encoding="UTF-8"?>
<!-- Generated by org.testng.reporters.JUnitReportReporter -->
<testsuite hostname="Sahana" failures="0" tests="1" name="com.testcases.CreateOrder" time="152.181" errors="0" timestamp="2022-10-03T10:13:19 BST" skipped="0">
  <testcase classname="com.testcases.CreateOrder" name="createOrder" time="152.181"/>
  <system-out/>
</testsuite> <!-- com.testcases.CreateOrder -->
